<?xml version="1.0" encoding="UTF-8" ?>
<!DOCTYPE log4j:configuration SYSTEM "log4j.dtd">

<log4j:configuration xmlns:log4j="http://jakarta.apache.org/log4j/">

	<!--
		<appender name="SocketAppender"
		class="org.apache.log4j.net.SocketAppender"> <param name="RemoteHost"
		value="localhost"/> <param name="Port" value="5000"/> <layout
		class="org.apache.log4j.PatternLayout"> <param
		name="ConversionPattern" value="%n%p %t : %c %d{ABSOLUTE} - %m"/>
		</layout> </appender>
	-->

	<appender name="CONSOLE" class="org.apache.log4j.ConsoleAppender">
		<param name="Target" value="System.err" />
		<layout class="org.apache.log4j.PatternLayout">
			<param name="ConversionPattern" value="%n%-5p %d{ABSOLUTE}(%t) [%c.%M] %m" />
		</layout>
	</appender>


	<appender name="DebugFileAppender" class="org.apache.log4j.RollingFileAppender">
		<param name="File" value="jactr-debug.log" />
		<param name="MaxFileSize" value="1MB" />
		<!-- Keep one backup file -->
		<param name="MaxBackupIndex" value="4" />
		<layout class="org.apache.log4j.PatternLayout">
			<param name="ConversionPattern" value="%n%-5p %d{ABSOLUTE}(%t) [%c.%M] %m" />
		</layout>
	</appender>

	<!--
		<appender name="ErrorFileAppender"
		class="org.apache.log4j.FileAppender"> <param name="File"
		value="jactr-error.log"/> <layout
		class="org.apache.log4j.PatternLayout"> <param
		name="ConversionPattern" value="%n%-5p %d{ABSOLUTE}(%t) [%c.%M] %m"/>
		</layout> </appender> <logger name="org.jactr.eclipse.runtime.ui">
		<level value="warn"/> </logger> <logger
		name="org.jactr.eclipse.core.bundle"> <level value="debug"/> </logger>

		<logger name="org.jactr.io.compiler"> <level value="debug"/> </logger>


		<logger name="org.jactr.eclipse.runtime.launching2"> <level
		value="debug"/> </logger> <logger name="org.jactr.tools"> <level
		value="debug"/> </logger> <logger
		name="org.jactr.eclipse.runtime.ui.tabs"> <level value="debug"/>
		</logger> <logger name="org.jactr.eclipse.runtime.ACTRSession"> <level
		value="debug"/> </logger> <logger
		name="org.jactr.eclipse.core.bundles"> <level value="debug"/>
		</logger> <logger name="org.jactr.eclipse.runtime"> <level
		value="debug"/> </logger> <logger name="org.jactr.io"> <level
		value="debug"/> </logger> <logger
		name="org.jactr.tools.async.iterative"> <level value="debug"/>
		</logger> <logger name="org.jactr.io.antlr3.parser"> <level
		value="debug"/> </logger> <logger
		name="org.jactr.eclipse.core.builder"> <level value="debug"/>
		</logger> <logger name="org.jactr.eclipse.ui.editor.hover"> <level
		value="debug"/> </logger> <logger name="org.jactr.eclipse.runtime.ui">
		<level value="debug"/> </logger> <logger name="org.jactr.launching">
		<level value="debug"/> </logger> <logger
		name="org.jactr.eclipse.runtime"><level value="debug"/></logger>
		<logger name="org.jactr.eclipse.runtime.launching.norm"><level
		value="debug"/></logger> <logger
		name="org.jactr.eclipse.runtime.handlers"><level
		value="warn"/></logger> <logger
		name="org.jactr.eclipse.runtime.launching.ACTRLaunchConfigurationUtils"><level
		value="debug"/></logger> <logger
		name="org.jactr.eclipse.runtime.ui.tabs.CommonExtensionDescriptorTab"><level
		value="debug"/></logger> <logger
		name="org.jactr.eclipse.runtime.ui.tabs.iterative"><level
		value="debug"/></logger> <logger
		name="org.jactr.eclipse.runtime.launching.iterative.IterativeSession"><level
		value="debug"/></logger> <logger
		name="org.jactr.eclipse.core.builder"><level value="debug"/></logger>
		<logger name="org.jactr.eclipse.core.builder.ACTRModelBuilder"><level
		value="warn"/></logger> <logger
		name="org.jactr.eclipse.runtime.ui.cleanup"><level
		value="debug"/></logger> <logger
		name="org.jactr.eclipse.ui.outline"><level value="debug"/></logger>
		<logger
		name="org.jactr.eclipse.ui.editor.markers.FoldingMarkerParticipant"><level
		value="debug"/></logger> <logger
		name="org.jactr.eclipse.runtime.ui.log.view"><level
		value="debug"/></logger> <logger
		name="org.jactr.io.antlr3.parser.lisp"><level value="debug"/></logger>
		<logger name="org.jactr.eclipse.ui.editor.formatting"><level
		value="debug"/></logger> <logger
		name="org.jactr.eclipse.ui.editor.markers.PositionMarker"><level
		value="debug"/></logger> <logger
		name="org.jactr.eclipse.production.render"><level
		value="error"/></logger> <logger
		name="org.jactr.eclipse.production"><level value="debug"/></logger>

		<logger name="org.jactr.eclipse.runtime.launching"><level
		value="debug"/></logger> <logger
		name="org.jactr.eclipse.runtime.launching.norm"><level
		value="debug"/></logger> <logger
		name="org.jactr.eclipse.runtime.launching.session"><level
		value="debug"/></logger> <logger
		name="org.jactr.tools.async.common"><level value="debug"/></logger>
		<logger name="org.jactr.tools.async.controller"><level
		value="debug"/></logger> <logger
		name="org.jactr.tools.async.shadow"><level value="debug"/></logger>
		<logger
		name="org.jactr.eclipse.ui.content.AbstractACTRContentProvider"><level
		value="debug"/></logger> <logger
		name="org.jactr.eclipse.ui.reconciler.ACTRReconcilingStrategy"><level
		value="debug"/></logger> <logger
		name="org.jactr.eclipse.runtime.ui.log.tooltip"><level
		value="debug"/></logger> <logger
		name="org.jactr.eclipse.core.bundles"><level value="debug"/></logger>
		<logger name="org.jactr.eclipse.ui.wizards"><level
		value="debug"/></logger> <logger
		name="org.jactr.eclipse.runtime.visual"><level
		value="debug"/></logger> <logger
		name="org.jactr.eclipse.runtime.ui.visicon"><level
		value="debug"/></logger> <logger
		name="org.jactr.eclipse.remote"><level value="debug"/></logger>
		<logger name="org.jactr.eclipse.runtime.log"><level
		value="debug"/></logger> <logger
		name="org.jactr.eclipse.runtime.ui.log"><level
		value="debug"/></logger> <logger
		name="org.jactr.eclipse.runtime.buffer"><level
		value="debug"/></logger> <logger
		name="org.jactr.eclipse.core.builder.ProjectSensitiveParserImportDelegate"><level
		value="debug"/></logger> <logger
		name="org.jactr.eclipse.core.parser"><level value="debug"/></logger>
		<logger name="org.jactr.eclipse.core.compiler.CompileRunnable"><level
		value="debug"/></logger> <logger
		name="org.jactr.eclipse.ui.reconciler.ACTRReconciler"><level
		value="debug"/></logger> <logger
		name="org.jactr.eclipse.ui.editor.formatting"><level
		value="debug"/></logger> <logger
		name="org.jactr.eclipse.ui.editor.highlighter"><level
		value="debug"/></logger> <logger
		name="org.jactr.eclipse.core.compiler"><level value="debug"/></logger>
		<logger name="org.jactr.eclipse.ui.editor.link"><level
		value="debug"/></logger> <logger
		name="org.jactr.eclipse.ui.editor.assist"><level
		value="debug"/></logger> <logger
		name="org.jactr.eclipse.ui.editor.assist.ACTRContentAssistProposer"><level
		value="debug"/></logger> <logger
		name="org.jactr.eclipse.ui.editor.ACTRModelEditor"><level
		value="debug"/></logger>
	<logger name="org.jactr.core.module.declarative.four.learning">
		<level value="debug" />
	</logger>
	
	<logger name="org.jactr.eclipse.association">
		<level value="debug" />
	</logger>
	
	<logger name="org.jactr.eclipse.runtime.session"><level value="debug" /></logger>
	<logger name="org.jactr.eclipse.runtime.ui.log2.live"><level value="debug" /></logger>
	<logger name="org.jactr.eclipse.runtime.ui.probe.ModelProbeView"><level value="debug" /></logger>
	<logger name="org.jactr.eclipse.ui.generic.view.AbstractModelViewPart"><level value="debug" /></logger>
	<logger name="org.jactr.tools.tracer.sinks.trace.internal"><level value="debug" /></logger>
	<logger name="org.jactr.eclipse.runtime.ui.misc.AbstractRuntimeModelViewPart"><level value="debug" /></logger>
	<logger name="org.jactr.eclipse.runtime.probe2.StringTable"><level value="debug" /></logger>
	<logger name="org.jactr.eclipse.runtime.ui.probe.components"><level value="warn" /></logger>
	<logger name="org.jactr.eclipse.runtime.ui.probe.components"><level value="debug" /></logger>
	<logger name="org.jactr.eclipse.runtime.ui.log2.TableLabelProvider"><level value="debug" /></logger>
	<logger name="org.jactr.eclipse.runtime.ui.probe.components.MarkerSupport"><level value="debug" /></logger>
	<logger name="org.jactr.eclipse.runtime.playback"><level value="warn" /></logger>
	<logger name="org.jactr.eclipse.runtime.log2.LogData"><level value="debug" /></logger>
	<logger name="org.jactr.eclipse.runtime.log2.LogRuntimeTraceListener"><level value="debug" /></logger>
	<logger name="org.jactr.eclipse.runtime.playback.internal.EventPumper"><level value="debug" /></logger>
	<logger name="org.jactr.eclipse.runtime.ui.log2.ModelLogView2"><level value="debug" /></logger>
	<logger name="org.jactr.eclipse.runtime.ui.misc.AbstractSessionTimeViewPart"><level value="debug" /></logger>
	
	<logger name="org.jactr.eclipse.runtime.ui.probe"><level value="debug" /></logger>
	<logger name="org.jactr.eclipse.runtime.probe3"><level value="warn" /></logger>
	<logger name="org.jactr.eclipse.runtime.trace.RuntimeTraceManager"><level value="debug" /></logger>
	
	<logger name="org.jactr.eclipse.association.ui.model.ModelAssociations"><level value="debug" /></logger>	
	<logger name="org.jactr.eclipse.association.ui.views.AssociationViewer"><level value="debug" /></logger>	
	<logger name="org.jactr.eclipse.ui.editor.assist"><level value="debug" /></logger>
	-->


    <logger name="org.commonreality.netty"><level value="debug"/></logger>
    <logger name="org.commonreality.net"><level value="debug"/></logger>
	<logger name="org.jactr.tools.async.shadow.handlers">
		<level value="debug" />
	</logger>
	
	<root>
		<level value="warn" />
		<appender-ref ref="CONSOLE" />
		<appender-ref ref="DebugFileAppender" />
	</root>
</log4j:configuration>